
Gurobi 7.0.2 (mac64) logging started Sun Apr  9 14:37:53 2017


ERROR 10009: No Gurobi license found (user dwhatley, host dhcp-18-111-25-44.dyn.mit.edu, hostid cd9d32dc)


Gurobi 7.0.2 (mac64) logging started Sun Apr  9 14:38:44 2017


Gurobi 7.0.2 (mac64, Python) logging started Sun Apr  9 14:39:48 2017


Gurobi 7.0.2 (mac64, Python) logging started Sun Apr  9 14:40:42 2017


Gurobi 7.0.2 (mac64) logging started Fri Apr 14 10:28:08 2017


Gurobi Optimizer version 7.0.2 build v7.0.2rc1 (mac64)
Copyright (c) 2017, Gurobi Optimization, Inc.

Read LP format model from file coins.lp
Reading time = 0.02 seconds
: 4 rows, 9 columns, 16 nonzeros
Optimize a model with 4 rows, 9 columns and 16 nonzeros
Variable types: 4 continuous, 5 integer (0 binary)
Coefficient statistics:
  Matrix range     [6e-02, 7e+00]
  Objective range  [1e-02, 1e+00]
  Bounds range     [5e+01, 1e+03]
  RHS range        [0e+00, 0e+00]
Found heuristic solution: objective -0
Presolve removed 1 rows and 5 columns
Presolve time: 0.00s
Presolved: 3 rows, 4 columns, 9 nonzeros
Variable types: 0 continuous, 4 integer (0 binary)

Root relaxation: objective 1.134615e+02, 3 iterations, 0.00 seconds

    Nodes    |    Current Node    |     Objective Bounds      |     Work
 Expl Unexpl |  Obj  Depth IntInf | Incumbent    BestBd   Gap | It/Node Time

     0     0  113.46154    0    1   -0.00000  113.46154      -     -    0s
H    0     0                     113.4500000  113.46154  0.01%     -    0s

Explored 0 nodes (3 simplex iterations) in 0.02 seconds
Thread count was 4 (of 4 available processors)

Solution count 2: 113.45 -0 
Pool objective bound 113.45

Optimal solution found (tolerance 1.00e-04)
Best objective 1.134500000000e+02, best bound 1.134500000000e+02, gap 0.0000%

Gurobi 7.0.2 (mac64) logging started Fri Apr 14 10:28:32 2017


Gurobi Optimizer version 7.0.2 build v7.0.2rc1 (mac64)
Copyright (c) 2017, Gurobi Optimization, Inc.


ERROR 10003: Unable to open file 'Help' for input


Gurobi 7.0.2 (mac64) logging started Fri Apr 14 10:28:58 2017


Gurobi Optimizer version 7.0.2 build v7.0.2rc1 (mac64)
Copyright (c) 2017, Gurobi Optimization, Inc.

Read LP format model from file coins.lp
Reading time = 0.00 seconds
: 4 rows, 9 columns, 16 nonzeros
Optimize a model with 4 rows, 9 columns and 16 nonzeros
Variable types: 4 continuous, 5 integer (0 binary)
Coefficient statistics:
  Matrix range     [6e-02, 7e+00]
  Objective range  [1e-02, 1e+00]
  Bounds range     [5e+01, 1e+03]
  RHS range        [0e+00, 0e+00]
Found heuristic solution: objective -0
Presolve removed 1 rows and 5 columns
Presolve time: 0.00s
Presolved: 3 rows, 4 columns, 9 nonzeros
Variable types: 0 continuous, 4 integer (0 binary)

Root relaxation: objective 1.134615e+02, 3 iterations, 0.00 seconds

    Nodes    |    Current Node    |     Objective Bounds      |     Work
 Expl Unexpl |  Obj  Depth IntInf | Incumbent    BestBd   Gap | It/Node Time

     0     0  113.46154    0    1   -0.00000  113.46154      -     -    0s
H    0     0                     113.4500000  113.46154  0.01%     -    0s

Explored 0 nodes (3 simplex iterations) in 0.01 seconds
Thread count was 4 (of 4 available processors)

Solution count 2: 113.45 -0 
Pool objective bound 113.45

Optimal solution found (tolerance 1.00e-04)
Best objective 1.134500000000e+02, best bound 1.134500000000e+02, gap 0.0000%

Wrote result file 'coins.sol'


Gurobi 7.0.2 (mac64, Python) logging started Fri Apr 14 10:48:57 2017

Optimize a model with 2 rows, 3 columns and 5 nonzeros
Variable types: 0 continuous, 3 integer (3 binary)
Coefficient statistics:
  Matrix range     [1e+00, 3e+00]
  Objective range  [1e+00, 2e+00]
  Bounds range     [1e+00, 1e+00]
  RHS range        [1e+00, 4e+00]
Presolve removed 2 rows and 3 columns
Presolve time: 0.00s
Presolve: All rows and columns removed

Explored 0 nodes (0 simplex iterations) in 0.00 seconds
Thread count was 1 (of 4 available processors)

Solution count 1: 3 
Pool objective bound 3

Optimal solution found (tolerance 1.00e-04)
Best objective 3.000000000000e+00, best bound 3.000000000000e+00, gap 0.0000%

Gurobi 7.0.2 (mac64, Python) logging started Fri Apr 14 16:38:12 2017


Gurobi 7.0.2 (mac64, Python) logging started Fri Apr 14 16:39:24 2017


Gurobi 7.0.2 (mac64, Python) logging started Fri Apr 14 16:39:57 2017


Gurobi 7.0.2 (mac64, Python) logging started Fri Apr 14 16:40:13 2017

Optimize a model with 2 rows, 3 columns and 5 nonzeros
Variable types: 0 continuous, 3 integer (3 binary)
Coefficient statistics:
  Matrix range     [1e+00, 3e+00]
  Objective range  [1e+00, 2e+00]
  Bounds range     [1e+00, 1e+00]
  RHS range        [1e+00, 4e+00]
Presolve removed 2 rows and 3 columns
Presolve time: 0.00s
Presolve: All rows and columns removed

Explored 0 nodes (0 simplex iterations) in 0.01 seconds
Thread count was 1 (of 4 available processors)

Solution count 1: 3 
Pool objective bound 3

Optimal solution found (tolerance 1.00e-04)
Best objective 3.000000000000e+00, best bound 3.000000000000e+00, gap 0.0000%

Gurobi 7.0.2 (mac64, Python) logging started Fri Apr 14 16:42:39 2017

Optimize a model with 2 rows, 3 columns and 5 nonzeros
Variable types: 0 continuous, 3 integer (3 binary)
Coefficient statistics:
  Matrix range     [1e+00, 3e+00]
  Objective range  [1e+00, 2e+00]
  Bounds range     [1e+00, 1e+00]
  RHS range        [1e+00, 4e+00]
Presolve removed 2 rows and 3 columns
Presolve time: 0.00s
Presolve: All rows and columns removed

Explored 0 nodes (0 simplex iterations) in 0.01 seconds
Thread count was 1 (of 4 available processors)

Solution count 1: 3 
Pool objective bound 3

Optimal solution found (tolerance 1.00e-04)
Best objective 3.000000000000e+00, best bound 3.000000000000e+00, gap 0.0000%

Gurobi 7.0.2 (mac64, Python) logging started Fri Apr 14 16:42:44 2017


Gurobi 7.0.2 (mac64, Python) logging started Fri Apr 14 16:53:47 2017


Gurobi 7.0.2 (mac64, Python) logging started Fri Apr 14 16:54:15 2017


Gurobi 7.0.2 (mac64, Python) logging started Fri Apr 14 16:54:34 2017


Gurobi 7.0.2 (mac64, Python) logging started Fri Apr 14 16:54:53 2017


Gurobi 7.0.2 (mac64, Python) logging started Fri Apr 14 16:55:06 2017


Gurobi 7.0.2 (mac64, Python) logging started Fri Apr 14 16:55:19 2017


Gurobi 7.0.2 (mac64, Python) logging started Fri Apr 14 16:56:05 2017


Gurobi 7.0.2 (mac64, Python) logging started Fri Apr 14 16:57:00 2017


Gurobi 7.0.2 (mac64, Python) logging started Fri Apr 14 16:57:25 2017


Gurobi 7.0.2 (mac64, Python) logging started Fri Apr 14 16:58:14 2017


Gurobi 7.0.2 (mac64, Python) logging started Fri Apr 14 16:58:44 2017


Gurobi 7.0.2 (mac64, Python) logging started Fri Apr 14 16:59:22 2017


Gurobi 7.0.2 (mac64, Python) logging started Fri Apr 14 17:00:00 2017


Gurobi 7.0.2 (mac64, Python) logging started Fri Apr 14 17:02:08 2017


Gurobi 7.0.2 (mac64, Python) logging started Fri Apr 14 17:02:21 2017

Optimize a model with 100 rows, 198 columns and 112 nonzeros
Coefficient statistics:
  Matrix range     [4e-06, 1e+00]
  Objective range  [1e+00, 1e+00]
  Bounds range     [1e+00, 1e+00]
  RHS range        [0e+00, 0e+00]
Presolve removed 100 rows and 198 columns
Presolve time: 0.01s
Presolve: All rows and columns removed
Iteration    Objective       Primal Inf.    Dual Inf.      Time
       0    0.0000000e+00   0.000000e+00   0.000000e+00      0s

Solved in 0 iterations and 0.01 seconds
Optimal objective  0.000000000e+00

Gurobi 7.0.2 (mac64, Python) logging started Fri Apr 14 17:03:02 2017

Optimize a model with 100 rows, 198 columns and 112 nonzeros
Coefficient statistics:
  Matrix range     [4e-06, 1e+00]
  Objective range  [1e+00, 1e+00]
  Bounds range     [1e-01, 1e+00]
  RHS range        [0e+00, 0e+00]
Presolve removed 2 rows and 96 columns
Presolve time: 0.00s

Solved in 0 iterations and 0.00 seconds
Infeasible model

Gurobi 7.0.2 (mac64, Python) logging started Fri Apr 14 17:03:52 2017

Optimize a model with 100 rows, 198 columns and 112 nonzeros
Coefficient statistics:
  Matrix range     [4e-06, 1e+00]
  Objective range  [1e+00, 1e+00]
  Bounds range     [1e-02, 1e+00]
  RHS range        [0e+00, 0e+00]
Presolve removed 2 rows and 96 columns
Presolve time: 0.00s

Solved in 0 iterations and 0.00 seconds
Infeasible model

Gurobi 7.0.2 (mac64, Python) logging started Fri Apr 28 13:47:13 2017

Optimize a model with 100 rows, 198 columns and 112 nonzeros
Coefficient statistics:
  Matrix range     [4e-06, 1e+00]
  Objective range  [1e+00, 1e+00]
  Bounds range     [1e-02, 1e+00]
  RHS range        [0e+00, 0e+00]
Presolve removed 2 rows and 96 columns
Presolve time: 0.00s

Solved in 0 iterations and 0.00 seconds
Infeasible model

Gurobi 7.0.2 (mac64, Python) logging started Fri Apr 28 13:47:35 2017

Optimize a model with 100 rows, 198 columns and 112 nonzeros
Coefficient statistics:
  Matrix range     [4e-06, 1e+00]
  Objective range  [1e+00, 1e+00]
  Bounds range     [1e-02, 1e+00]
  RHS range        [0e+00, 0e+00]
Presolve removed 2 rows and 96 columns
Presolve time: 0.00s

Solved in 0 iterations and 0.00 seconds
Infeasible model

Gurobi 7.0.2 (mac64, Python) logging started Fri Apr 28 13:55:01 2017

Optimize a model with 2 rows, 3 columns and 5 nonzeros
Variable types: 0 continuous, 3 integer (3 binary)
Coefficient statistics:
  Matrix range     [1e+00, 3e+00]
  Objective range  [1e+00, 2e+00]
  Bounds range     [1e+00, 1e+00]
  RHS range        [1e+00, 4e+00]
Presolve removed 2 rows and 3 columns
Presolve time: 0.01s
Presolve: All rows and columns removed

Explored 0 nodes (0 simplex iterations) in 0.01 seconds
Thread count was 1 (of 4 available processors)

Solution count 1: 3 
Pool objective bound 3

Optimal solution found (tolerance 1.00e-04)
Best objective 3.000000000000e+00, best bound 3.000000000000e+00, gap 0.0000%

Gurobi 7.0.2 (mac64, Python) logging started Fri Apr 28 14:29:08 2017

Optimize a model with 100 rows, 198 columns and 112 nonzeros
Coefficient statistics:
  Matrix range     [4e-06, 1e+00]
  Objective range  [1e+00, 1e+00]
  Bounds range     [1e+00, 1e+00]
  RHS range        [0e+00, 0e+00]
Presolve removed 100 rows and 198 columns
Presolve time: 0.01s
Presolve: All rows and columns removed
Iteration    Objective       Primal Inf.    Dual Inf.      Time
       0    0.0000000e+00   0.000000e+00   0.000000e+00      0s

Solved in 0 iterations and 0.01 seconds
Optimal objective  0.000000000e+00

Gurobi 7.0.2 (mac64, Python) logging started Fri Apr 28 14:29:22 2017

Optimize a model with 100 rows, 198 columns and 112 nonzeros
Coefficient statistics:
  Matrix range     [4e-06, 1e+00]
  Objective range  [1e+00, 1e+00]
  Bounds range     [1e+00, 1e+00]
  RHS range        [0e+00, 0e+00]
Presolve removed 100 rows and 198 columns
Presolve time: 0.00s
Presolve: All rows and columns removed
Iteration    Objective       Primal Inf.    Dual Inf.      Time
       0    7.6952976e+00   0.000000e+00   0.000000e+00      0s

Solved in 0 iterations and 0.00 seconds
Optimal objective  7.695297588e+00

Gurobi 7.0.2 (mac64, Python) logging started Fri Apr 28 14:29:34 2017

Optimize a model with 100 rows, 198 columns and 112 nonzeros
Coefficient statistics:
  Matrix range     [4e-06, 1e+00]
  Objective range  [1e+00, 1e+00]
  Bounds range     [1e-02, 1e+00]
  RHS range        [0e+00, 0e+00]
Presolve removed 2 rows and 97 columns
Presolve time: 0.00s

Solved in 0 iterations and 0.00 seconds
Infeasible model

Gurobi 7.0.2 (mac64, Python) logging started Fri Apr 28 14:45:42 2017

Optimize a model with 100 rows, 198 columns and 112 nonzeros
Coefficient statistics:
  Matrix range     [4e-06, 1e+00]
  Objective range  [1e+00, 1e+00]
  Bounds range     [1e+00, 1e+00]
  RHS range        [0e+00, 0e+00]
Presolve removed 100 rows and 198 columns
Presolve time: 0.01s
Presolve: All rows and columns removed
Iteration    Objective       Primal Inf.    Dual Inf.      Time
       0    7.6952976e+00   0.000000e+00   0.000000e+00      0s

Solved in 0 iterations and 0.01 seconds
Optimal objective  7.695297588e+00

Gurobi 7.0.2 (mac64, Python) logging started Fri Apr 28 14:47:42 2017

Optimize a model with 100 rows, 198 columns and 112 nonzeros
Coefficient statistics:
  Matrix range     [4e-06, 1e+00]
  Objective range  [1e+00, 1e+00]
  Bounds range     [1e+00, 1e+00]
  RHS range        [0e+00, 0e+00]
Presolve removed 100 rows and 198 columns
Presolve time: 0.01s
Presolve: All rows and columns removed
Iteration    Objective       Primal Inf.    Dual Inf.      Time
       0    7.6952976e+00   0.000000e+00   0.000000e+00      0s

Solved in 0 iterations and 0.01 seconds
Optimal objective  7.695297588e+00

Gurobi 7.0.2 (mac64, Python) logging started Fri Apr 28 14:48:23 2017

Optimize a model with 100 rows, 198 columns and 112 nonzeros
Coefficient statistics:
  Matrix range     [4e-06, 1e+00]
  Objective range  [1e+00, 1e+00]
  Bounds range     [1e+00, 1e+00]
  RHS range        [0e+00, 0e+00]
Presolve removed 100 rows and 198 columns
Presolve time: 0.01s
Presolve: All rows and columns removed
Iteration    Objective       Primal Inf.    Dual Inf.      Time
       0    7.6952976e+00   0.000000e+00   0.000000e+00      0s

Solved in 0 iterations and 0.01 seconds
Optimal objective  7.695297588e+00

Gurobi 7.0.2 (mac64, Python) logging started Fri Apr 28 14:48:37 2017

Optimize a model with 100 rows, 198 columns and 218 nonzeros
Coefficient statistics:
  Matrix range     [1e-05, 1e+00]
  Objective range  [1e+00, 1e+00]
  Bounds range     [1e+00, 1e+00]
  RHS range        [0e+00, 0e+00]
Presolve removed 72 rows and 155 columns
Presolve time: 0.00s
Presolved: 28 rows, 43 columns, 141 nonzeros

Iteration    Objective       Primal Inf.    Dual Inf.      Time
       0    3.2079465e+01   1.770285e+01   0.000000e+00      0s
      35    2.1079352e+01   0.000000e+00   0.000000e+00      0s

Solved in 35 iterations and 0.01 seconds
Optimal objective  2.107935189e+01

Gurobi 7.0.2 (mac64, Python) logging started Fri Apr 28 14:49:09 2017

Optimize a model with 100 rows, 198 columns and 218 nonzeros
Coefficient statistics:
  Matrix range     [1e-05, 1e+00]
  Objective range  [1e+00, 1e+00]
  Bounds range     [1e+00, 1e+00]
  RHS range        [0e+00, 0e+00]
Presolve removed 100 rows and 198 columns
Presolve time: 0.01s
Presolve: All rows and columns removed
Iteration    Objective       Primal Inf.    Dual Inf.      Time
       0    0.0000000e+00   0.000000e+00   0.000000e+00      0s

Solved in 0 iterations and 0.01 seconds
Optimal objective  0.000000000e+00

Gurobi 7.0.2 (mac64, Python) logging started Fri Apr 28 14:53:38 2017

Optimize a model with 400 rows, 498 columns and 702 nonzeros
Coefficient statistics:
  Matrix range     [4e-06, 1e+00]
  Objective range  [1e+00, 1e+00]
  Bounds range     [1e-02, 1e+00]
  RHS range        [0e+00, 0e+00]
Presolve removed 0 rows and 80 columns
Presolve time: 0.00s

Solved in 0 iterations and 0.00 seconds
Infeasible model

Gurobi 7.0.2 (mac64, Python) logging started Fri Apr 28 14:54:06 2017

Optimize a model with 400 rows, 498 columns and 702 nonzeros
Coefficient statistics:
  Matrix range     [4e-06, 1e+00]
  Objective range  [1e+00, 1e+00]
  Bounds range     [1e-02, 1e+00]
  RHS range        [0e+00, 0e+00]
Presolve removed 400 rows and 498 columns
Presolve time: 0.01s
Presolve: All rows and columns removed
Iteration    Objective       Primal Inf.    Dual Inf.      Time
       0    2.0963815e-04   0.000000e+00   0.000000e+00      0s

Solved in 0 iterations and 0.01 seconds
Optimal objective  2.096381532e-04

Gurobi 7.0.2 (mac64, Python) logging started Fri Apr 28 14:56:22 2017

Optimize a model with 1000 rows, 1098 columns and 2551 nonzeros
Coefficient statistics:
  Matrix range     [4e-06, 1e+00]
  Objective range  [1e+00, 1e+00]
  Bounds range     [1e+00, 1e+00]
  RHS range        [0e+00, 0e+00]
Presolve removed 1000 rows and 1098 columns
Presolve time: 0.01s
Presolve: All rows and columns removed
Iteration    Objective       Primal Inf.    Dual Inf.      Time
       0    0.0000000e+00   0.000000e+00   0.000000e+00      0s

Solved in 0 iterations and 0.01 seconds
Optimal objective  0.000000000e+00

Gurobi 7.0.2 (mac64, Python) logging started Fri Apr 28 14:57:38 2017

Optimize a model with 1000 rows, 1098 columns and 2551 nonzeros
Coefficient statistics:
  Matrix range     [4e-06, 1e+00]
  Objective range  [1e+00, 1e+00]
  Bounds range     [1e-02, 1e+00]
  RHS range        [0e+00, 0e+00]
Presolve removed 1000 rows and 1098 columns
Presolve time: 0.01s
Presolve: All rows and columns removed
Iteration    Objective       Primal Inf.    Dual Inf.      Time
       0    1.0262451e-02   0.000000e+00   0.000000e+00      0s

Solved in 0 iterations and 0.02 seconds
Optimal objective  1.026245102e-02

Gurobi 7.0.2 (mac64, Python) logging started Fri Apr 28 14:59:47 2017

Optimize a model with 1000 rows, 1098 columns and 2551 nonzeros
Coefficient statistics:
  Matrix range     [4e-06, 1e+00]
  Objective range  [1e+00, 1e+00]
  Bounds range     [1e-02, 1e+00]
  RHS range        [0e+00, 0e+00]
Presolve removed 1000 rows and 1098 columns
Presolve time: 0.01s
Presolve: All rows and columns removed
Iteration    Objective       Primal Inf.    Dual Inf.      Time
       0    1.0262451e-02   0.000000e+00   0.000000e+00      0s

Solved in 0 iterations and 0.01 seconds
Optimal objective  1.026245102e-02

Gurobi 7.0.2 (mac64, Python) logging started Sat Apr 29 22:59:43 2017

Optimize a model with 1000 rows, 1098 columns and 2551 nonzeros
Coefficient statistics:
  Matrix range     [4e-06, 1e+00]
  Objective range  [1e+00, 1e+00]
  Bounds range     [1e-02, 1e+00]
  RHS range        [0e+00, 0e+00]
Presolve removed 735 rows and 809 columns
Presolve time: 0.01s
Presolved: 265 rows, 289 columns, 1794 nonzeros

Iteration    Objective       Primal Inf.    Dual Inf.      Time
       0    2.6374792e+02   3.443243e+02   0.000000e+00      0s
     313    1.1961722e+02   0.000000e+00   0.000000e+00      0s

Solved in 313 iterations and 0.06 seconds
Optimal objective  1.196172199e+02

Gurobi 7.0.2 (mac64, Python) logging started Sat Apr 29 23:03:09 2017

Optimize a model with 1000 rows, 1098 columns and 2551 nonzeros
Coefficient statistics:
  Matrix range     [4e-06, 1e+00]
  Objective range  [1e+00, 1e+00]
  Bounds range     [1e+00, 1e+00]
  RHS range        [0e+00, 0e+00]
Presolve removed 735 rows and 809 columns
Presolve time: 0.01s
Presolved: 265 rows, 289 columns, 1794 nonzeros

Iteration    Objective       Primal Inf.    Dual Inf.      Time
       0    2.6376042e+02   4.130942e+01   0.000000e+00      0s
     333    1.1961861e+02   0.000000e+00   0.000000e+00      0s

Solved in 333 iterations and 0.03 seconds
Optimal objective  1.196186083e+02

Gurobi 7.0.2 (mac64, Python) logging started Sat Apr 29 23:13:23 2017

Optimize a model with 1000 rows, 1098 columns and 2551 nonzeros
Coefficient statistics:
  Matrix range     [4e-06, 1e+00]
  Objective range  [1e+00, 1e+00]
  Bounds range     [1e+02, 1e+02]
  RHS range        [0e+00, 0e+00]
Presolve removed 735 rows and 809 columns
Presolve time: 0.02s
Presolved: 265 rows, 289 columns, 1794 nonzeros

Iteration    Objective       Primal Inf.    Dual Inf.      Time
       0    2.6373842e+04   4.120197e+03   0.000000e+00      0s
     347    1.1961861e+04   0.000000e+00   0.000000e+00      0s

Solved in 347 iterations and 0.07 seconds
Optimal objective  1.196186083e+04

Gurobi 7.0.2 (mac64, Python) logging started Sat Apr 29 23:17:19 2017

Optimize a model with 1000 rows, 1398 columns and 2551 nonzeros
Coefficient statistics:
  Matrix range     [4e-06, 1e+00]
  Objective range  [1e+00, 1e+00]
  Bounds range     [9e+00, 1e+02]
  RHS range        [0e+00, 0e+00]
Presolve removed 717 rows and 796 columns
Presolve time: 0.01s

Solved in 0 iterations and 0.01 seconds
Infeasible or unbounded model

Gurobi 7.0.2 (mac64, Python) logging started Sat Apr 29 23:21:15 2017


Gurobi 7.0.2 (mac64, Python) logging started Sat Apr 29 23:22:10 2017


Gurobi 7.0.2 (mac64, Python) logging started Sat Apr 29 23:26:04 2017

Optimize a model with 1700 rows, 1098 columns and 3251 nonzeros
Coefficient statistics:
  Matrix range     [4e-06, 1e+00]
  Objective range  [1e+00, 1e+00]
  Bounds range     [1e+02, 1e+02]
  RHS range        [8e+01, 8e+01]
Presolve removed 1435 rows and 809 columns
Presolve time: 0.02s
Presolved: 265 rows, 289 columns, 1794 nonzeros

Iteration    Objective       Primal Inf.    Dual Inf.      Time
       0    2.6373842e+04   4.120979e+03   0.000000e+00      0s
     347    1.1961861e+04   0.000000e+00   0.000000e+00      0s

Solved in 347 iterations and 0.07 seconds
Optimal objective  1.196186083e+04

Gurobi 7.0.2 (mac64, Python) logging started Sat Apr 29 23:34:24 2017

Optimize a model with 1700 rows, 1098 columns and 3251 nonzeros
Coefficient statistics:
  Matrix range     [4e-06, 1e+00]
  Objective range  [1e+00, 1e+00]
  Bounds range     [1e+02, 1e+02]
  RHS range        [8e+01, 8e+01]
Presolve removed 1435 rows and 809 columns
Presolve time: 0.04s
Presolved: 265 rows, 289 columns, 1794 nonzeros

Iteration    Objective       Primal Inf.    Dual Inf.      Time
       0    2.6373842e+04   4.120979e+03   0.000000e+00      0s
     347    1.1961861e+04   0.000000e+00   0.000000e+00      0s

Solved in 347 iterations and 0.08 seconds
Optimal objective  1.196186083e+04

Gurobi 7.0.2 (mac64, Python) logging started Sun Apr 30 13:41:09 2017

Optimize a model with 1700 rows, 1098 columns and 3251 nonzeros
Coefficient statistics:
  Matrix range     [4e-06, 1e+00]
  Objective range  [1e+00, 1e+00]
  Bounds range     [1e+00, 2e+01]
  RHS range        [7e-02, 7e-02]
Presolve removed 1700 rows and 1098 columns
Presolve time: 0.01s
Presolve: All rows and columns removed
Iteration    Objective       Primal Inf.    Dual Inf.      Time
       0    1.5109836e+01   0.000000e+00   0.000000e+00      0s

Solved in 0 iterations and 0.02 seconds
Optimal objective  1.510983609e+01

Gurobi 7.0.2 (mac64, Python) logging started Sun Apr 30 13:50:26 2017

Optimize a model with 1700 rows, 1098 columns and 3251 nonzeros
Coefficient statistics:
  Matrix range     [4e-06, 1e+00]
  Objective range  [1e+00, 1e+00]
  Bounds range     [1e-01, 2e+01]
  RHS range        [7e-02, 7e-02]
Presolve removed 1587 rows and 961 columns
Presolve time: 0.02s
Presolved: 113 rows, 137 columns, 968 nonzeros

Iteration    Objective       Primal Inf.    Dual Inf.      Time
       0    1.3681860e+01   7.387493e+00   0.000000e+00      0s
     118    9.7650852e+00   0.000000e+00   0.000000e+00      0s

Solved in 118 iterations and 0.04 seconds
Optimal objective  9.765085190e+00

Gurobi 7.0.2 (mac64, Python) logging started Sun Apr 30 13:52:40 2017

Optimize a model with 1700 rows, 1098 columns and 3251 nonzeros
Coefficient statistics:
  Matrix range     [4e-06, 1e+00]
  Objective range  [1e+00, 1e+00]
  Bounds range     [1e-01, 2e+01]
  RHS range        [7e-02, 7e-02]
Presolve removed 1587 rows and 961 columns
Presolve time: 0.02s
Presolved: 113 rows, 137 columns, 968 nonzeros

Iteration    Objective       Primal Inf.    Dual Inf.      Time
       0    1.3681860e+01   7.387493e+00   0.000000e+00      0s
     118    9.7650852e+00   0.000000e+00   0.000000e+00      0s

Solved in 118 iterations and 0.03 seconds
Optimal objective  9.765085190e+00

Gurobi 7.0.2 (mac64, Python) logging started Sun Apr 30 14:25:07 2017

Optimize a model with 1700 rows, 1098 columns and 3251 nonzeros
Coefficient statistics:
  Matrix range     [4e-06, 1e+00]
  Objective range  [1e+00, 1e+00]
  Bounds range     [1e-01, 2e+01]
  RHS range        [7e-02, 7e-02]
Presolve removed 1587 rows and 961 columns
Presolve time: 0.01s
Presolved: 113 rows, 137 columns, 968 nonzeros

Iteration    Objective       Primal Inf.    Dual Inf.      Time
       0    1.3681860e+01   7.387493e+00   0.000000e+00      0s
     118    9.7650852e+00   0.000000e+00   0.000000e+00      0s

Solved in 118 iterations and 0.02 seconds
Optimal objective  9.765085190e+00

Gurobi 7.0.2 (mac64, Python) logging started Sun Apr 30 14:27:52 2017

Optimize a model with 1700 rows, 1098 columns and 3251 nonzeros
Coefficient statistics:
  Matrix range     [4e-06, 1e+00]
  Objective range  [1e+00, 1e+00]
  Bounds range     [1e-01, 2e+01]
  RHS range        [7e-02, 7e-02]
Presolve removed 1587 rows and 961 columns
Presolve time: 0.02s
Presolved: 113 rows, 137 columns, 968 nonzeros

Iteration    Objective       Primal Inf.    Dual Inf.      Time
       0    1.3681860e+01   7.387493e+00   0.000000e+00      0s
     118    9.7650852e+00   0.000000e+00   0.000000e+00      0s

Solved in 118 iterations and 0.03 seconds
Optimal objective  9.765085190e+00

Gurobi 7.0.2 (mac64, Python) logging started Sun Apr 30 14:29:21 2017

Optimize a model with 1700 rows, 1098 columns and 3251 nonzeros
Coefficient statistics:
  Matrix range     [4e-06, 1e+00]
  Objective range  [1e+00, 1e+00]
  Bounds range     [1e-01, 2e+01]
  RHS range        [7e-02, 7e-02]
Presolve removed 1587 rows and 961 columns
Presolve time: 0.02s
Presolved: 113 rows, 137 columns, 968 nonzeros

Iteration    Objective       Primal Inf.    Dual Inf.      Time
       0    1.3681860e+01   7.387493e+00   0.000000e+00      0s
     118    9.7650852e+00   0.000000e+00   0.000000e+00      0s

Solved in 118 iterations and 0.03 seconds
Optimal objective  9.765085190e+00

Gurobi 7.0.2 (mac64, Python) logging started Sun Apr 30 14:30:11 2017

Optimize a model with 1700 rows, 1098 columns and 3251 nonzeros
Coefficient statistics:
  Matrix range     [4e-06, 1e+00]
  Objective range  [1e+00, 1e+00]
  Bounds range     [1e-01, 2e+01]
  RHS range        [7e-02, 7e-02]
Presolve removed 1587 rows and 961 columns
Presolve time: 0.02s
Presolved: 113 rows, 137 columns, 968 nonzeros

Iteration    Objective       Primal Inf.    Dual Inf.      Time
       0    1.3681860e+01   7.387493e+00   0.000000e+00      0s
     118    9.7650852e+00   0.000000e+00   0.000000e+00      0s

Solved in 118 iterations and 0.03 seconds
Optimal objective  9.765085190e+00

Gurobi 7.0.2 (mac64, Python) logging started Sun May  7 13:17:04 2017


Gurobi 7.0.2 (mac64, Python) logging started Sun May  7 13:25:18 2017

Optimize a model with 1700 rows, 1098 columns and 3251 nonzeros
Coefficient statistics:
  Matrix range     [4e-06, 1e+00]
  Objective range  [1e+00, 1e+00]
  Bounds range     [8e-01, 2e+01]
  RHS range        [7e-01, 7e-01]
Presolve removed 1700 rows and 1098 columns
Presolve time: 0.03s
Presolve: All rows and columns removed
Iteration    Objective       Primal Inf.    Dual Inf.      Time
       0    2.0356919e+01   0.000000e+00   0.000000e+00      0s

Solved in 0 iterations and 0.03 seconds
Optimal objective  2.035691916e+01

Gurobi 7.0.2 (mac64, Python) logging started Sun May  7 13:26:44 2017

Optimize a model with 1700 rows, 1098 columns and 3251 nonzeros
Coefficient statistics:
  Matrix range     [4e-06, 1e+00]
  Objective range  [1e+00, 1e+00]
  Bounds range     [8e-01, 2e+01]
  RHS range        [7e-01, 7e-01]
Presolve removed 1700 rows and 1098 columns
Presolve time: 0.01s
Presolve: All rows and columns removed
Iteration    Objective       Primal Inf.    Dual Inf.      Time
       0    2.0356919e+01   0.000000e+00   0.000000e+00      0s

Solved in 0 iterations and 0.05 seconds
Optimal objective  2.035691916e+01

Gurobi 7.0.2 (mac64, Python) logging started Sun May  7 13:29:12 2017

Optimize a model with 1700 rows, 1098 columns and 3251 nonzeros
Coefficient statistics:
  Matrix range     [4e-06, 1e+00]
  Objective range  [1e+00, 1e+00]
  Bounds range     [8e-01, 2e+01]
  RHS range        [7e-01, 7e-01]
Presolve removed 1700 rows and 1098 columns
Presolve time: 0.01s
Presolve: All rows and columns removed
Iteration    Objective       Primal Inf.    Dual Inf.      Time
       0    2.0356919e+01   0.000000e+00   0.000000e+00      0s

Solved in 0 iterations and 0.02 seconds
Optimal objective  2.035691916e+01

Gurobi 7.0.2 (mac64, Python) logging started Sun May  7 13:30:11 2017

Optimize a model with 1700 rows, 1098 columns and 3251 nonzeros
Coefficient statistics:
  Matrix range     [4e-06, 1e+00]
  Objective range  [1e+00, 1e+00]
  Bounds range     [8e-01, 2e+01]
  RHS range        [7e-01, 7e-01]
Presolve removed 1700 rows and 1098 columns
Presolve time: 0.01s
Presolve: All rows and columns removed
Iteration    Objective       Primal Inf.    Dual Inf.      Time
       0    2.0356919e+01   0.000000e+00   0.000000e+00      0s

Solved in 0 iterations and 0.02 seconds
Optimal objective  2.035691916e+01

Gurobi 7.0.2 (mac64, Python) logging started Sun May  7 13:36:05 2017


Gurobi 7.0.2 (mac64, Python) logging started Sun May  7 13:36:21 2017


Gurobi 7.0.2 (mac64, Python) logging started Sun May  7 13:36:35 2017


Gurobi 7.0.2 (mac64, Python) logging started Sun May  7 13:47:17 2017


Gurobi 7.0.2 (mac64, Python) logging started Sun May  7 13:48:30 2017


Gurobi 7.0.2 (mac64, Python) logging started Sun May  7 13:49:46 2017


Gurobi 7.0.2 (mac64, Python) logging started Sun May  7 13:50:35 2017


Gurobi 7.0.2 (mac64, Python) logging started Sun May  7 13:51:38 2017


Gurobi 7.0.2 (mac64, Python) logging started Sun May  7 13:52:19 2017


Gurobi 7.0.2 (mac64, Python) logging started Sun May  7 13:54:48 2017


Gurobi 7.0.2 (mac64, Python) logging started Sun May  7 13:56:55 2017


Gurobi 7.0.2 (mac64, Python) logging started Sun May  7 13:58:59 2017


Gurobi 7.0.2 (mac64, Python) logging started Sun May  7 13:59:10 2017


Gurobi 7.0.2 (mac64, Python) logging started Sun May  7 13:59:22 2017


Gurobi 7.0.2 (mac64, Python) logging started Sun May  7 14:00:24 2017

Optimize a model with 10125 rows, 10098 columns and 23013 nonzeros
Coefficient statistics:
  Matrix range     [2e-06, 1e+00]
  Objective range  [1e+00, 1e+00]
  Bounds range     [8e-01, 2e+01]
  RHS range        [7e-01, 2e+01]
Presolve removed 9980 rows and 10077 columns
Presolve time: 0.03s

Solved in 0 iterations and 0.03 seconds
Infeasible model

Gurobi 7.0.2 (mac64, Python) logging started Sun May  7 14:01:24 2017


Gurobi 7.0.2 (mac64, Python) logging started Sun May  7 14:01:42 2017

Optimize a model with 10125 rows, 10098 columns and 23013 nonzeros
Coefficient statistics:
  Matrix range     [2e-06, 1e+00]
  Objective range  [1e+00, 1e+00]
  Bounds range     [8e-01, 2e+01]
  RHS range        [7e-01, 2e+05]
Presolve removed 9980 rows and 10077 columns
Presolve time: 0.02s

Solved in 0 iterations and 0.02 seconds
Infeasible model

Gurobi 7.0.2 (mac64, Python) logging started Sun May  7 14:09:20 2017


Gurobi 7.0.2 (mac64, Python) logging started Sun May  7 14:09:39 2017


Gurobi 7.0.2 (mac64, Python) logging started Sun May  7 14:09:50 2017


Gurobi 7.0.2 (mac64, Python) logging started Sun May  7 14:10:00 2017


Gurobi 7.0.2 (mac64, Python) logging started Sun May  7 14:10:28 2017


Gurobi 7.0.2 (mac64, Python) logging started Sun May  7 14:10:48 2017


Gurobi 7.0.2 (mac64, Python) logging started Sun May  7 14:12:04 2017


Gurobi 7.0.2 (mac64, Python) logging started Sun May  7 14:12:49 2017


Gurobi 7.0.2 (mac64, Python) logging started Sun May  7 14:13:09 2017


Gurobi 7.0.2 (mac64, Python) logging started Sun May  7 14:14:00 2017


Gurobi 7.0.2 (mac64, Python) logging started Sun May  7 14:15:00 2017

Optimize a model with 10125 rows, 10098 columns and 23013 nonzeros
Coefficient statistics:
  Matrix range     [2e-06, 1e+00]
  Objective range  [1e+00, 1e+00]
  Bounds range     [8e-01, 2e+01]
  RHS range        [7e-01, 2e+05]
Presolve removed 9980 rows and 10077 columns
Presolve time: 0.03s

Solved in 0 iterations and 0.03 seconds
Infeasible model

Gurobi 7.0.2 (mac64, Python) logging started Sun May  7 14:16:03 2017

Optimize a model with 10125 rows, 10098 columns and 23013 nonzeros
Coefficient statistics:
  Matrix range     [2e-06, 1e+00]
  Objective range  [1e+00, 1e+00]
  Bounds range     [8e-01, 2e+01]
  RHS range        [2e+05, 2e+05]
Presolve removed 10125 rows and 10098 columns
Presolve time: 0.03s
Presolve: All rows and columns removed
Iteration    Objective       Primal Inf.    Dual Inf.      Time
       0    6.3269592e+00   0.000000e+00   0.000000e+00      0s

Solved in 0 iterations and 0.05 seconds
Optimal objective  6.326959216e+00

Gurobi 7.0.2 (mac64, Python) logging started Sun May  7 14:17:21 2017

Optimize a model with 10125 rows, 10098 columns and 23013 nonzeros
Coefficient statistics:
  Matrix range     [2e-06, 1e+00]
  Objective range  [1e+00, 1e+00]
  Bounds range     [8e-01, 2e+01]
  RHS range        [2e+05, 2e+05]
Presolve removed 10125 rows and 10098 columns
Presolve time: 0.05s
Presolve: All rows and columns removed
Iteration    Objective       Primal Inf.    Dual Inf.      Time
       0    6.3269592e+00   0.000000e+00   0.000000e+00      0s

Solved in 0 iterations and 0.09 seconds
Optimal objective  6.326959216e+00

Gurobi 7.0.2 (mac64, Python) logging started Sun May  7 14:18:24 2017

Optimize a model with 10125 rows, 10098 columns and 23013 nonzeros
Coefficient statistics:
  Matrix range     [2e-06, 1e+00]
  Objective range  [1e+00, 1e+00]
  Bounds range     [8e-01, 2e+01]
  RHS range        [2e+01, 2e+01]
Presolve removed 10125 rows and 10098 columns
Presolve time: 0.05s
Presolve: All rows and columns removed
Iteration    Objective       Primal Inf.    Dual Inf.      Time
       0    6.3269592e+00   0.000000e+00   0.000000e+00      0s

Solved in 0 iterations and 0.07 seconds
Optimal objective  6.326959216e+00

Gurobi 7.0.2 (mac64, Python) logging started Sun May  7 14:19:39 2017

Optimize a model with 10125 rows, 10098 columns and 23013 nonzeros
Coefficient statistics:
  Matrix range     [2e-06, 1e+00]
  Objective range  [1e+00, 1e+00]
  Bounds range     [8e-01, 2e+01]
  RHS range        [2e+01, 2e+01]
Presolve removed 10125 rows and 10098 columns
Presolve time: 0.05s
Presolve: All rows and columns removed
Iteration    Objective       Primal Inf.    Dual Inf.      Time
       0    6.3269592e+00   0.000000e+00   0.000000e+00      0s

Solved in 0 iterations and 0.07 seconds
Optimal objective  6.326959216e+00

Gurobi 7.0.2 (mac64, Python) logging started Sun May  7 14:20:25 2017

Optimize a model with 10125 rows, 10098 columns and 23013 nonzeros
Coefficient statistics:
  Matrix range     [2e-06, 1e+00]
  Objective range  [1e+00, 1e+00]
  Bounds range     [8e-01, 2e+01]
  RHS range        [2e+01, 5e+01]
Presolve removed 9855 rows and 9895 columns
Presolve time: 0.03s

Solved in 0 iterations and 0.03 seconds
Infeasible model

Gurobi 7.0.2 (mac64, Python) logging started Sun May  7 14:23:57 2017

Optimize a model with 1700 rows, 1098 columns and 3251 nonzeros
Coefficient statistics:
  Matrix range     [4e-06, 1e+00]
  Objective range  [1e+00, 1e+00]
  Bounds range     [1e-01, 2e+01]
  RHS range        [7e-02, 7e-02]
Presolve removed 1587 rows and 961 columns
Presolve time: 0.01s
Presolved: 113 rows, 137 columns, 968 nonzeros

Iteration    Objective       Primal Inf.    Dual Inf.      Time
       0    1.3681860e+01   7.387493e+00   0.000000e+00      0s
     118    9.7650852e+00   0.000000e+00   0.000000e+00      0s

Solved in 118 iterations and 0.02 seconds
Optimal objective  9.765085190e+00

Gurobi 7.0.2 (mac64, Python) logging started Sun May  7 14:25:04 2017


Gurobi 7.0.2 (mac64, Python) logging started Sun May  7 14:25:15 2017

Optimize a model with 1049 rows, 1098 columns and 5819 nonzeros
Coefficient statistics:
  Matrix range     [2e-06, 1e+00]
  Objective range  [1e+00, 1e+00]
  Bounds range     [1e-01, 2e+01]
  RHS range        [2e+01, 5e+01]
Presolve removed 699 rows and 975 columns
Presolve time: 0.03s

Solved in 0 iterations and 0.03 seconds
Infeasible model

Gurobi 7.0.2 (mac64, Python) logging started Sun May  7 18:28:57 2017

Optimize a model with 1049 rows, 1098 columns and 5819 nonzeros
Coefficient statistics:
  Matrix range     [2e-06, 1e+00]
  Objective range  [1e+00, 1e+00]
  Bounds range     [1e-01, 2e+01]
  RHS range        [2e+01, 5e+01]
Presolve removed 699 rows and 975 columns
Presolve time: 0.01s

Solved in 0 iterations and 0.01 seconds
Infeasible model

Gurobi 7.0.2 (mac64, Python) logging started Sun May  7 18:30:11 2017

Optimize a model with 1049 rows, 1098 columns and 5819 nonzeros
Coefficient statistics:
  Matrix range     [2e-06, 1e+00]
  Objective range  [1e+00, 1e+00]
  Bounds range     [1e-01, 2e+01]
  RHS range        [5e-01, 2e+01]
Presolve removed 699 rows and 975 columns
Presolve time: 0.02s

Solved in 0 iterations and 0.02 seconds
Infeasible model

Gurobi 7.0.2 (mac64, Python) logging started Sun May  7 18:31:09 2017

Optimize a model with 1049 rows, 1098 columns and 5819 nonzeros
Coefficient statistics:
  Matrix range     [2e-06, 1e+00]
  Objective range  [1e+00, 1e+00]
  Bounds range     [1e+00, 2e+01]
  RHS range        [5e-01, 2e+01]
Presolve removed 979 rows and 1027 columns
Presolve time: 0.01s

Solved in 0 iterations and 0.01 seconds
Infeasible model

Gurobi 7.0.2 (mac64, Python) logging started Sun May  7 18:33:21 2017

Optimize a model with 1049 rows, 1098 columns and 5819 nonzeros
Coefficient statistics:
  Matrix range     [2e-06, 1e+00]
  Objective range  [1e+00, 1e+00]
  Bounds range     [1e+00, 2e+01]
  RHS range        [5e-01, 2e+02]
Presolve removed 980 rows and 1077 columns
Presolve time: 0.00s

Solved in 0 iterations and 0.00 seconds
Infeasible model

Gurobi 7.0.2 (mac64, Python) logging started Sun May  7 18:33:39 2017

Optimize a model with 1049 rows, 1098 columns and 5819 nonzeros
Coefficient statistics:
  Matrix range     [2e-06, 1e+00]
  Objective range  [1e+00, 1e+00]
  Bounds range     [1e+00, 2e+01]
  RHS range        [2e+01, 2e+01]
Presolve removed 1049 rows and 1098 columns
Presolve time: 0.01s
Presolve: All rows and columns removed
Iteration    Objective       Primal Inf.    Dual Inf.      Time
       0    6.3269592e+00   0.000000e+00   0.000000e+00      0s

Solved in 0 iterations and 0.01 seconds
Optimal objective  6.326959216e+00

Gurobi 7.0.2 (mac64, Python) logging started Sun May  7 18:33:55 2017

Optimize a model with 1049 rows, 1098 columns and 5819 nonzeros
Coefficient statistics:
  Matrix range     [2e-06, 1e+00]
  Objective range  [1e+00, 1e+00]
  Bounds range     [1e+00, 2e+01]
  RHS range        [1e-02, 1e-02]
Presolve removed 1049 rows and 1098 columns
Presolve time: 0.01s
Presolve: All rows and columns removed
Iteration    Objective       Primal Inf.    Dual Inf.      Time
       0    1.0000000e-02   0.000000e+00   0.000000e+00      0s

Solved in 0 iterations and 0.01 seconds
Optimal objective  1.000000000e-02

Gurobi 7.0.2 (mac64, Python) logging started Sun May  7 18:34:11 2017

Optimize a model with 1049 rows, 1098 columns and 5819 nonzeros
Coefficient statistics:
  Matrix range     [2e-06, 1e+00]
  Objective range  [1e+00, 1e+00]
  Bounds range     [1e+00, 2e+01]
  RHS range        [1e-01, 1e-01]
Presolve removed 1049 rows and 1098 columns
Presolve time: 0.00s
Presolve: All rows and columns removed
Iteration    Objective       Primal Inf.    Dual Inf.      Time
       0    1.0000000e-01   0.000000e+00   0.000000e+00      0s

Solved in 0 iterations and 0.00 seconds
Optimal objective  1.000000000e-01

Gurobi 7.0.2 (mac64, Python) logging started Sun May  7 18:34:43 2017

Optimize a model with 1049 rows, 1098 columns and 5819 nonzeros
Coefficient statistics:
  Matrix range     [2e-06, 1e+00]
  Objective range  [1e+00, 1e+00]
  Bounds range     [1e+00, 2e+01]
  RHS range        [1e-02, 2e+01]
Presolve removed 1049 rows and 1098 columns
Presolve time: 0.01s
Presolve: All rows and columns removed
Iteration    Objective       Primal Inf.    Dual Inf.      Time
       0    6.3269592e+00   0.000000e+00   0.000000e+00      0s

Solved in 0 iterations and 0.01 seconds
Optimal objective  6.326959216e+00

Gurobi 7.0.2 (mac64, Python) logging started Sun May  7 18:34:58 2017

Optimize a model with 1049 rows, 1098 columns and 5819 nonzeros
Coefficient statistics:
  Matrix range     [2e-06, 1e+00]
  Objective range  [1e+00, 1e+00]
  Bounds range     [1e+00, 2e+01]
  RHS range        [1e-01, 2e+01]
Presolve removed 1049 rows and 1098 columns
Presolve time: 0.00s
Presolve: All rows and columns removed
Iteration    Objective       Primal Inf.    Dual Inf.      Time
       0    6.3269592e+00   0.000000e+00   0.000000e+00      0s

Solved in 0 iterations and 0.00 seconds
Optimal objective  6.326959216e+00

Gurobi 7.0.2 (mac64, Python) logging started Sun May  7 18:35:18 2017

Optimize a model with 1049 rows, 1098 columns and 5819 nonzeros
Coefficient statistics:
  Matrix range     [2e-06, 1e+00]
  Objective range  [1e+00, 1e+00]
  Bounds range     [1e+00, 2e+01]
  RHS range        [3e-01, 2e+01]
Presolve removed 1049 rows and 1098 columns
Presolve time: 0.01s
Presolve: All rows and columns removed
Iteration    Objective       Primal Inf.    Dual Inf.      Time
       0    6.3269592e+00   0.000000e+00   0.000000e+00      0s

Solved in 0 iterations and 0.02 seconds
Optimal objective  6.326959216e+00

Gurobi 7.0.2 (mac64, Python) logging started Sun May  7 18:35:46 2017

Optimize a model with 1049 rows, 1098 columns and 5819 nonzeros
Coefficient statistics:
  Matrix range     [2e-06, 1e+00]
  Objective range  [1e+00, 1e+00]
  Bounds range     [1e+00, 2e+01]
  RHS range        [3e-01, 2e+01]
Presolve removed 1049 rows and 1098 columns
Presolve time: 0.02s
Presolve: All rows and columns removed
Iteration    Objective       Primal Inf.    Dual Inf.      Time
       0    6.3269592e+00   0.000000e+00   0.000000e+00      0s

Solved in 0 iterations and 0.03 seconds
Optimal objective  6.326959216e+00

Gurobi 7.0.2 (mac64, Python) logging started Sun May  7 18:36:53 2017

Optimize a model with 1049 rows, 1098 columns and 5819 nonzeros
Coefficient statistics:
  Matrix range     [2e-06, 1e+00]
  Objective range  [1e+00, 1e+00]
  Bounds range     [1e+00, 8e+01]
  RHS range        [3e-01, 2e+01]
Presolve removed 922 rows and 1009 columns
Presolve time: 0.02s
Presolved: 127 rows, 89 columns, 1920 nonzeros

Iteration    Objective       Primal Inf.    Dual Inf.      Time
       0    1.8980878e+01   1.005339e+03   0.000000e+00      0s
       5    1.5961223e+01   0.000000e+00   0.000000e+00      0s

Solved in 5 iterations and 0.03 seconds
Optimal objective  1.596122263e+01

Gurobi 7.0.2 (mac64, Python) logging started Sun May  7 18:37:41 2017

Optimize a model with 1049 rows, 1098 columns and 5819 nonzeros
Coefficient statistics:
  Matrix range     [2e-06, 1e+00]
  Objective range  [1e+00, 1e+00]
  Bounds range     [1e+00, 8e+01]
  RHS range        [7e-01, 2e+01]
Presolve removed 922 rows and 1009 columns
Presolve time: 0.02s
Presolved: 127 rows, 89 columns, 1920 nonzeros

Iteration    Objective       Primal Inf.    Dual Inf.      Time
       0    1.8980878e+01   1.005339e+03   0.000000e+00      0s
       5    1.5961223e+01   0.000000e+00   0.000000e+00      0s

Solved in 5 iterations and 0.03 seconds
Optimal objective  1.596122263e+01

Gurobi 7.0.2 (mac64, Python) logging started Sun May  7 18:38:18 2017

Optimize a model with 1049 rows, 1098 columns and 5819 nonzeros
Coefficient statistics:
  Matrix range     [2e-06, 1e+00]
  Objective range  [1e+00, 1e+00]
  Bounds range     [1e+00, 8e+01]
  RHS range        [8e-01, 2e+01]
Presolve removed 922 rows and 1009 columns
Presolve time: 0.03s
Presolved: 127 rows, 89 columns, 1920 nonzeros

Iteration    Objective       Primal Inf.    Dual Inf.      Time
       0    1.8696673e+01   9.313458e+02   0.000000e+00      0s

Solved in 4 iterations and 0.04 seconds
Infeasible model

Gurobi 7.0.2 (mac64, Python) logging started Sun May  7 18:43:44 2017

Optimize a model with 1049 rows, 1098 columns and 5819 nonzeros
Coefficient statistics:
  Matrix range     [2e-06, 1e+00]
  Objective range  [1e+00, 1e+00]
  Bounds range     [1e+00, 2e+02]
  RHS range        [8e-01, 2e+01]
Presolve removed 780 rows and 975 columns
Presolve time: 0.01s
Presolved: 269 rows, 123 columns, 4423 nonzeros

Iteration    Objective       Primal Inf.    Dual Inf.      Time
       0    2.1000000e+01   2.368320e+02   0.000000e+00      0s
      41    1.9470452e+01   0.000000e+00   0.000000e+00      0s

Solved in 41 iterations and 0.02 seconds
Optimal objective  1.947045239e+01

Gurobi 7.0.2 (mac64, Python) logging started Sun May  7 18:44:30 2017

Optimize a model with 1049 rows, 1098 columns and 5819 nonzeros
Coefficient statistics:
  Matrix range     [2e-06, 1e+00]
  Objective range  [1e+00, 1e+00]
  Bounds range     [1e+00, 2e+02]
  RHS range        [7e-01, 2e+01]
Presolve removed 778 rows and 975 columns
Presolve time: 0.03s
Presolved: 271 rows, 123 columns, 4449 nonzeros

Iteration    Objective       Primal Inf.    Dual Inf.      Time
       0    2.1000000e+01   2.366794e+02   0.000000e+00      0s
      49    1.9470452e+01   0.000000e+00   0.000000e+00      0s

Solved in 49 iterations and 0.05 seconds
Optimal objective  1.947045239e+01

Gurobi 7.0.2 (mac64, Python) logging started Sun May  7 18:44:43 2017

Optimize a model with 1049 rows, 1098 columns and 5819 nonzeros
Coefficient statistics:
  Matrix range     [2e-06, 1e+00]
  Objective range  [1e+00, 1e+00]
  Bounds range     [1e+00, 2e+02]
  RHS range        [7e-01, 2e+01]
Presolve removed 747 rows and 743 columns
Presolve time: 0.00s
Presolved: 302 rows, 355 columns, 5072 nonzeros

Iteration    Objective       Primal Inf.    Dual Inf.      Time
       0    3.0097135e+02   2.982560e+02   0.000000e+00      0s
     323    2.6111653e+02   0.000000e+00   0.000000e+00      0s

Solved in 323 iterations and 0.02 seconds
Optimal objective  2.611165341e+02

Gurobi 7.0.2 (mac64, Python) logging started Sun May  7 18:46:18 2017

Optimize a model with 1049 rows, 1098 columns and 5819 nonzeros
Coefficient statistics:
  Matrix range     [2e-06, 1e+00]
  Objective range  [1e+00, 1e+00]
  Bounds range     [1e+00, 2e+01]
  RHS range        [7e-01, 2e+01]
Presolve removed 979 rows and 979 columns
Presolve time: 0.01s

Solved in 0 iterations and 0.01 seconds
Infeasible model

Gurobi 7.0.2 (mac64, Python) logging started Sun May  7 18:54:59 2017

Optimize a model with 1049 rows, 1098 columns and 5819 nonzeros
Coefficient statistics:
  Matrix range     [2e-06, 1e+00]
  Objective range  [1e+00, 1e+00]
  Bounds range     [1e+00, 2e+03]
  RHS range        [7e-01, 2e+01]
Presolve removed 747 rows and 743 columns
Presolve time: 0.02s
Presolved: 302 rows, 355 columns, 5072 nonzeros

Iteration    Objective       Primal Inf.    Dual Inf.      Time
       0    3.0100000e+02   2.981988e+02   0.000000e+00      0s
     354    2.8495466e+02   0.000000e+00   0.000000e+00      0s

Solved in 354 iterations and 0.06 seconds
Optimal objective  2.849546556e+02

Gurobi 7.0.2 (mac64, Python) logging started Sun May  7 18:56:03 2017

Optimize a model with 1049 rows, 1098 columns and 5819 nonzeros
Coefficient statistics:
  Matrix range     [2e-06, 1e+00]
  Objective range  [1e+00, 1e+00]
  Bounds range     [1e+00, 2e+03]
  RHS range        [7e-01, 2e+01]
Presolve removed 747 rows and 743 columns
Presolve time: 0.03s
Presolved: 302 rows, 355 columns, 5072 nonzeros

Iteration    Objective       Primal Inf.    Dual Inf.      Time
       0    3.1200000e+01   3.120000e+01   0.000000e+00      0s
     350    1.7366538e+02   0.000000e+00   0.000000e+00      0s

Solved in 350 iterations and 0.05 seconds
Optimal objective  1.736653779e+02

Gurobi 7.0.2 (mac64, Python) logging started Sun May  7 18:58:51 2017

Optimize a model with 1049 rows, 1098 columns and 5819 nonzeros
Coefficient statistics:
  Matrix range     [2e-06, 1e+00]
  Objective range  [1e+00, 1e+00]
  Bounds range     [1e+00, 2e+03]
  RHS range        [7e-01, 7e-01]
Presolve removed 985 rows and 1046 columns
Presolve time: 0.00s

Solved in 0 iterations and 0.00 seconds
Infeasible model

Gurobi 7.0.2 (mac64, Python) logging started Sun May  7 18:59:34 2017

Optimize a model with 1049 rows, 1098 columns and 5819 nonzeros
Coefficient statistics:
  Matrix range     [2e-06, 1e+00]
  Objective range  [1e+00, 1e+00]
  Bounds range     [1e+00, 2e+03]
  RHS range        [7e-01, 7e-01]
Presolve removed 985 rows and 1046 columns
Presolve time: 0.01s

Solved in 0 iterations and 0.01 seconds
Infeasible model

Gurobi 7.0.2 (mac64, Python) logging started Sun May  7 18:59:59 2017

Optimize a model with 1049 rows, 1098 columns and 5819 nonzeros
Coefficient statistics:
  Matrix range     [2e-06, 1e+00]
  Objective range  [1e+00, 1e+00]
  Bounds range     [1e+00, 2e+03]
  RHS range        [3e-01, 7e-01]
Presolve removed 752 rows and 748 columns
Presolve time: 0.02s
Presolved: 297 rows, 350 columns, 4942 nonzeros

Iteration    Objective       Primal Inf.    Dual Inf.      Time
       0    3.1200000e+01   3.120000e+01   0.000000e+00      0s

Solved in 3 iterations and 0.03 seconds
Infeasible model
